<?xml version="1.0" encoding="UTF-8"?>
<!-- Generated by org.testng.reporters.JUnitReportReporter -->
<testsuite skipped="0" hostname="LAPTOP1108" name="NewTest" tests="1" failures="0" timestamp="19 Feb 2018 16:29:21 GMT" time="17.390" errors="0">
  <testcase name="f" time="17.390" classname="NewTest"/>
</testsuite> <!-- NewTest -->
